<?xml version="1.0" encoding="UTF-8"?>
<testng-results ignored="0" total="3" passed="2" failed="1" skipped="0">
  <reporter-output>
  </reporter-output>
  <suite started-at="2024-08-18T23:20:28 IST" name="Default suite" finished-at="2024-08-18T23:21:45 IST" duration-ms="76787">
    <groups>
    </groups>
    <test started-at="2024-08-18T23:20:28 IST" name="Default test" finished-at="2024-08-18T23:21:45 IST" duration-ms="76787">
      <class name="BestBuy.bestBuyTest1">
        <test-method is-config="true" signature="setup()[pri:0, instance:BestBuy.bestBuyTest1@413d1baf]" started-at="2024-08-18T23:20:28 IST" name="setup" finished-at="2024-08-18T23:20:33 IST" duration-ms="4935" status="PASS">
          <reporter-output>
          </reporter-output>
        </test-method> <!-- setup -->
        <test-method signature="openBrowser()[pri:2, instance:BestBuy.bestBuyTest1@413d1baf]" started-at="2024-08-18T23:20:33 IST" name="openBrowser" finished-at="2024-08-18T23:20:38 IST" duration-ms="4981" status="PASS">
          <reporter-output>
          </reporter-output>
        </test-method> <!-- openBrowser -->
        <test-method signature="signIn()[pri:3, instance:BestBuy.bestBuyTest1@413d1baf]" started-at="2024-08-18T23:20:38 IST" name="signIn" finished-at="2024-08-18T23:21:37 IST" duration-ms="58565" status="PASS">
          <reporter-output>
          </reporter-output>
        </test-method> <!-- signIn -->
        <test-method signature="emailContentValidation()[pri:4, instance:BestBuy.bestBuyTest1@413d1baf]" started-at="2024-08-18T23:21:37 IST" name="emailContentValidation" finished-at="2024-08-18T23:21:44 IST" duration-ms="6886" status="FAIL">
          <exception class="java.lang.AssertionError">
            <message>
              <![CDATA[expected [At Ci Cards, we are dedicated to protecting your privacy. We want you to feel comfortable about giving us your email address. The following Email Policy was developed to help you understand how we use email and what your choices are. You are providing this information to both Citibank, N.A. and Best Buy. Information is subject to their respective privacy policies. Best Buy’s Privacy Policy may be viewed at: www.BestBuy.com/privacy.] but found [At Citi Cards, we are dedicated to protecting your privacy. We want you to feel comfortable about giving us your email address. The following Email Policy was developed to help you understand how we use email and what your choices are. You are providing this information to both Citibank, N.A. and Best Buy. Information is subject to their respective privacy policies. Best Buy’s Privacy Policy may be viewed at: www.BestBuy.com/privacy.]]]>
            </message>
            <full-stacktrace>
              <![CDATA[java.lang.AssertionError: expected [At Ci Cards, we are dedicated to protecting your privacy. We want you to feel comfortable about giving us your email address. The following Email Policy was developed to help you understand how we use email and what your choices are. You are providing this information to both Citibank, N.A. and Best Buy. Information is subject to their respective privacy policies. Best Buy’s Privacy Policy may be viewed at: www.BestBuy.com/privacy.] but found [At Citi Cards, we are dedicated to protecting your privacy. We want you to feel comfortable about giving us your email address. The following Email Policy was developed to help you understand how we use email and what your choices are. You are providing this information to both Citibank, N.A. and Best Buy. Information is subject to their respective privacy policies. Best Buy’s Privacy Policy may be viewed at: www.BestBuy.com/privacy.]
at org.testng.Assert.fail(Assert.java:111)
at org.testng.Assert.failNotEquals(Assert.java:1578)
at org.testng.Assert.assertEqualsImpl(Assert.java:150)
at org.testng.Assert.assertEquals(Assert.java:132)
at org.testng.Assert.assertEquals(Assert.java:656)
at org.testng.Assert.assertEquals(Assert.java:666)
at BestBuy.bestBuyTest1.emailContentValidation(bestBuyTest1.java:74)
at java.base/jdk.internal.reflect.NativeMethodAccessorImpl.invoke0(Native Method)
at java.base/jdk.internal.reflect.NativeMethodAccessorImpl.invoke(NativeMethodAccessorImpl.java:77)
at java.base/jdk.internal.reflect.DelegatingMethodAccessorImpl.invoke(DelegatingMethodAccessorImpl.java:43)
at java.base/java.lang.reflect.Method.invoke(Method.java:568)
at org.testng.internal.invokers.MethodInvocationHelper.invokeMethod(MethodInvocationHelper.java:141)
at org.testng.internal.invokers.TestInvoker.invokeMethod(TestInvoker.java:686)
at org.testng.internal.invokers.TestInvoker.invokeTestMethod(TestInvoker.java:230)
at org.testng.internal.invokers.MethodRunner.runInSequence(MethodRunner.java:63)
at org.testng.internal.invokers.TestInvoker$MethodInvocationAgent.invoke(TestInvoker.java:992)
at org.testng.internal.invokers.TestInvoker.invokeTestMethods(TestInvoker.java:203)
at org.testng.internal.invokers.TestMethodWorker.invokeTestMethods(TestMethodWorker.java:154)
at org.testng.internal.invokers.TestMethodWorker.run(TestMethodWorker.java:134)
at java.base/java.util.ArrayList.forEach(ArrayList.java:1511)
at org.testng.TestRunner.privateRun(TestRunner.java:739)
at org.testng.TestRunner.run(TestRunner.java:614)
at org.testng.SuiteRunner.runTest(SuiteRunner.java:421)
at org.testng.SuiteRunner.runSequentially(SuiteRunner.java:413)
at org.testng.SuiteRunner.privateRun(SuiteRunner.java:373)
at org.testng.SuiteRunner.run(SuiteRunner.java:312)
at org.testng.SuiteRunnerWorker.runSuite(SuiteRunnerWorker.java:52)
at org.testng.SuiteRunnerWorker.run(SuiteRunnerWorker.java:95)
at org.testng.TestNG.runSuitesSequentially(TestNG.java:1274)
at org.testng.TestNG.runSuitesLocally(TestNG.java:1208)
at org.testng.TestNG.runSuites(TestNG.java:1112)
at org.testng.TestNG.run(TestNG.java:1079)
at org.testng.remote.AbstractRemoteTestNG.run(AbstractRemoteTestNG.java:115)
at org.testng.remote.RemoteTestNG.initAndRun(RemoteTestNG.java:293)
at org.testng.remote.RemoteTestNG.main(RemoteTestNG.java:91)
]]>
            </full-stacktrace>
          </exception> <!-- java.lang.AssertionError -->
          <reporter-output>
          </reporter-output>
        </test-method> <!-- emailContentValidation -->
        <test-method is-config="true" signature="close()[pri:0, instance:BestBuy.bestBuyTest1@413d1baf]" started-at="2024-08-18T23:21:44 IST" name="close" finished-at="2024-08-18T23:21:45 IST" duration-ms="1299" status="PASS">
          <reporter-output>
          </reporter-output>
        </test-method> <!-- close -->
      </class> <!-- BestBuy.bestBuyTest1 -->
    </test> <!-- Default test -->
  </suite> <!-- Default suite -->
</testng-results>
